  源.c
E:\ccccccccc\projects\Project 3.5\源.c(13,9): warning C4477: “printf”: 格式字符串“%s”需要类型“char *”的参数，但可变参数 1 拥有了类型“int”
E:\ccccccccc\projects\Project 3.5\源.c(13,9): warning C4313: "printf": 格式字符串中的 "%s" 与类型为 "int" 的参数 1 冲突
E:\ccccccccc\projects\Project 3.5\源.c(14,9): warning C4477: “printf”: 格式字符串“%s”需要类型“char *”的参数，但可变参数 1 拥有了类型“int”
E:\ccccccccc\projects\Project 3.5\源.c(14,9): warning C4313: "printf": 格式字符串中的 "%s" 与类型为 "int" 的参数 1 冲突
E:\ccccccccc\projects\Project 3.5\源.c(16,9): warning C4477: “printf”: 格式字符串“%s”需要类型“char *”的参数，但可变参数 1 拥有了类型“int”
E:\ccccccccc\projects\Project 3.5\源.c(16,9): warning C4313: "printf": 格式字符串中的 "%s" 与类型为 "int" 的参数 1 冲突
E:\ccccccccc\projects\Project 3.5\源.c(20,21): warning C4047: “=”:“char”与“char [5]”的间接级别不同
E:\ccccccccc\projects\Project 3.5\源.c(21,12): warning C4047: “函数”:“family *”与“family **”的间接级别不同
E:\ccccccccc\projects\Project 3.5\源.c(21,9): warning C4024: “print”: 形参和实参 1 的类型不同
E:\ccccccccc\projects\Project 3.5\源.c(22,29): warning C4047: “=”:“char”与“char [7]”的间接级别不同
E:\ccccccccc\projects\Project 3.5\源.c(23,12): warning C4047: “函数”:“family *”与“family **”的间接级别不同
E:\ccccccccc\projects\Project 3.5\源.c(23,9): warning C4024: “print”: 形参和实参 1 的类型不同
E:\ccccccccc\projects\Project 3.5\源.c(24,29): warning C4047: “=”:“char”与“char [7]”的间接级别不同
E:\ccccccccc\projects\Project 3.5\源.c(25,12): warning C4047: “函数”:“family *”与“family **”的间接级别不同
E:\ccccccccc\projects\Project 3.5\源.c(25,9): warning C4024: “print”: 形参和实参 1 的类型不同
E:\ccccccccc\projects\Project 3.5\源.c(30,18): warning C4047: “函数”:“family *”与“family **”的间接级别不同
E:\ccccccccc\projects\Project 3.5\源.c(30,15): warning C4024: “adjust”: 形参和实参 2 的类型不同
E:\ccccccccc\projects\Project 3.5\源.c(30,22): warning C4047: “函数”:“family *”与“family **”的间接级别不同
E:\ccccccccc\projects\Project 3.5\源.c(30,19): warning C4024: “adjust”: 形参和实参 3 的类型不同
E:\ccccccccc\projects\Project 3.5\源.c(30,26): warning C4047: “函数”:“family *”与“family **”的间接级别不同
E:\ccccccccc\projects\Project 3.5\源.c(30,23): warning C4024: “adjust”: 形参和实参 4 的类型不同
E:\ccccccccc\projects\Project 3.5\源.c(35,14): warning C4047: “初始化”:“char”与“char [5]”的间接级别不同
E:\ccccccccc\projects\Project 3.5\源.c(35,14): warning C4047: “初始化”:“char”与“char [3]”的间接级别不同
E:\ccccccccc\projects\Project 3.5\源.c(35,14): warning C4047: “初始化”:“char”与“char [19]”的间接级别不同
E:\ccccccccc\projects\Project 3.5\源.c(35,14): warning C4047: “初始化”:“char”与“void *”的间接级别不同
E:\ccccccccc\projects\Project 3.5\源.c(36,14): warning C4047: “初始化”:“char”与“char [7]”的间接级别不同
E:\ccccccccc\projects\Project 3.5\源.c(36,14): warning C4047: “初始化”:“char”与“char [3]”的间接级别不同
E:\ccccccccc\projects\Project 3.5\源.c(36,14): warning C4047: “初始化”:“char”与“char [19]”的间接级别不同
E:\ccccccccc\projects\Project 3.5\源.c(36,14): warning C4047: “初始化”:“char”与“char [5]”的间接级别不同
E:\ccccccccc\projects\Project 3.5\源.c(37,14): warning C4047: “初始化”:“char”与“char [7]”的间接级别不同
E:\ccccccccc\projects\Project 3.5\源.c(37,14): warning C4047: “初始化”:“char”与“char [3]”的间接级别不同
E:\ccccccccc\projects\Project 3.5\源.c(37,14): warning C4047: “初始化”:“char”与“char [19]”的间接级别不同
E:\ccccccccc\projects\Project 3.5\源.c(37,14): warning C4047: “初始化”:“char”与“char [5]”的间接级别不同
  Project 3.5.vcxproj -> E:\ccccccccc\projects\Project 3.5\x64\Debug\Project 3.5.exe
